epoch,acc,loss,val_acc,val_loss
0,0.906473790898,0.210800181143,0.613165378571,3.37843078588
1,0.920583841847,0.180504231933,0.26279088429,11.8803081768
2,0.925718307495,0.168822583843,0.732148817607,4.24005646578
3,0.929888421414,0.159453976379,0.774161304746,3.6012053511
4,0.933185021083,0.152095067927,0.223077092852,12.5224349073
5,0.938798955843,0.139915444468,0.34449662481,10.5576344218
6,0.942153365004,0.132407623261,0.275455032076,11.6693994573
7,0.946831474117,0.121872770098,0.247388873781,12.1296273725
8,0.951820803624,0.110676517217,0.2370262146,12.2969992672
9,0.951857272316,0.111048845958,0.23318709646,12.3591385484
10,0.959428717108,0.0934922701551,0.254493815558,12.0140393972
11,0.963187731949,0.0848272432135,0.768570968083,3.6915473938
12,0.963688373566,0.0839718871604,0.32778276716,10.8280636583
13,0.967644813014,0.0746300106585,0.290815217154,11.426553888
14,0.969264306274,0.0711114980216,0.287329741887,11.4830304299
15,0.9675376462,0.0754334760428,0.463652610779,8.53896110824
16,0.97237610817,0.0638494687383,0.392596244812,8.34228757875
17,0.973494188458,0.0612564548284,0.764183044434,3.75419114104
18,0.970038694494,0.0698113191562,0.322598627635,9.50292095968
19,0.97463314206,0.0586253630326,0.253010886056,1.4229290794
20,0.976034781512,0.0553416239061,0.292413439069,4.08321399135
21,0.973183496326,0.0622454160624,0.776495831353,0.710139526853
22,0.977253689485,0.0525972444482,0.777193307877,0.648243469319
23,0.977076048945,0.0532320707936,0.777614661625,0.569294817214
24,0.977471519919,0.052384294533,0.777644259589,0.630788982979
25,0.980882237939,0.0441780454826,0.777644191469,0.622660469264
26,0.981659893896,0.0424251050401,0.777626991272,0.540020616725
27,0.982302717134,0.0409846055988,0.777638605663,0.559693694913
28,0.983053141949,0.0392516210821,0.777450595583,2.79750955531
29,0.983760445726,0.0376614412092,0.777373347964,1.50254009983
30,0.983111264659,0.0394371149938,0.777476787567,3.44052680688
31,0.984489408194,0.0360959725655,0.777496610369,3.4669311004
32,0.985900331946,0.032814074835,0.777548926217,3.38997458347
33,0.986468763912,0.0315146350539,0.777522597994,3.41558848534
34,0.986974356221,0.0303791433176,0.777542454856,3.4368030663
35,0.987486030541,0.0292246757217,0.777384451457,3.48195856384
36,0.98805771622,0.0279332809949,0.777414015361,3.4677539851
37,0.988581652735,0.0267312372898,0.777361052377,3.46357611247
38,0.989079966265,0.025594933819,0.777510574886,3.50161931983
39,0.9895511515,0.0245237873511,0.777359758105,3.45313717212
40,0.989981604557,0.023538056866,0.777376072747,3.46843909792
41,0.990400786493,0.0225938363046,0.777381556375,3.46327203086
42,0.990765889486,0.0217525190925,0.777369533266,3.4586855535
43,0.991113260681,0.0209696862958,0.777374676296,3.46864334387
44,0.991404056549,0.0203083103007,0.777380466461,3.47317310529
45,0.991513831943,0.0200646813073,0.777378490993,3.47783494847
46,0.991317174014,0.0204897312614,0.77735553469,3.46598362923
47,0.991141660541,0.020872342713,0.777390480042,3.46612507105
48,0.990969255859,0.0212694865848,0.777342183249,3.46664485974
49,0.99077948402,0.0216866445353,0.777445316315,3.48281037595
50,0.990564729653,0.0221732041214,0.777366910662,3.44893909565
51,0.990365547292,0.0226379584261,0.777336393084,3.45932154783
52,0.990160339019,0.0231156641362,0.777306522642,3.39309346463
53,0.989771922429,0.0240495319423,0.777140242713,3.33862463066
54,0.98968091198,0.0242206354936,0.77740580695,3.43566552656
55,0.989417571647,0.0248301591537,0.777226141521,3.40403689231
56,0.989223695269,0.0252860475574,0.777198553085,3.41608490688
57,0.988918879453,0.0259907879483,0.777480874743,3.51262166245
58,0.988707720065,0.0264830502417,0.777438027518,3.51568059197
59,0.988519827525,0.0269048496825,0.777226175581,3.463903144
60,0.98800294072,0.0281094114374,0.77725308282,3.47293075919
61,0.98571005522,0.033815134303,0.77765076501,3.54443072847
62,0.987631003062,0.0289523788824,0.777553626469,3.54473950607
63,0.987959459716,0.0281791889027,0.777638401304,3.54490742726
64,0.987704005896,0.0287853365549,0.777651275907,3.54475014337
65,0.987416533863,0.0294673790146,0.777651548386,3.54476620257
66,0.986617775524,0.0313413515641,0.777397700718,3.54695728634
67,0.986800693998,0.0308973298467,0.778251273291,3.53043199224
68,0.987343058867,0.0296738091902,0.77727498327,3.52616383135
69,0.987851156908,0.0284915317498,0.77832865715,3.52137851928
70,0.98848194702,0.02703165299,0.778590951647,3.50126443378
71,0.988954964806,0.0259463100206,0.778256007603,3.49486283319
72,0.989398923575,0.0249236231492,0.780786003385,3.38050749472
73,0.989813281041,0.023979957866,0.779126780374,3.3424824455
74,0.99004518752,0.0234542484532,0.780422891889,3.34991165357
75,0.990454383925,0.0225277389925,0.782510450908,3.33101534205
76,0.990956329832,0.0213688123987,0.781396423067,3.34673514536
77,0.991318020166,0.0205195615725,0.781667470932,3.19513650877
78,0.991605936312,0.0198444140557,0.783194644111,3.131888694
79,0.991955013836,0.0190572675863,0.786015783037,2.99475696044
80,0.992320500168,0.0182038026933,0.78452866418,2.9238081468
81,0.992603231879,0.0175553635094,0.787698813847,2.75404357484
82,0.992946278815,0.0167743595461,0.785100732531,2.85724521748
83,0.993250935685,0.0160663108816,0.788389546531,2.76807008258
84,0.993516398411,0.0154398826725,0.786733661379,2.85222851591
85,0.993780589571,0.0148293838743,0.787657567433,2.83752030347
86,0.994040377,0.0142484608086,0.787740707397,2.87340606323
87,0.9942807824,0.0137026506892,0.790152038847,2.84460428144
88,0.994498636208,0.0132125684759,0.789713416781,2.87744608096
89,0.994706583958,0.0127574477673,0.790749924523,2.9051474418
90,0.99484632062,0.0124665369022,0.791169609342,2.91237992687
91,0.994855184181,0.0124426654805,0.79136122976,2.91191393563
92,0.994860747281,0.0124255273315,0.791336366108,2.91794159157
93,0.99487083566,0.0124074013107,0.791517189571,2.91393361347
94,0.99487658108,0.0123985028385,0.791612829481,2.91940077501
95,0.994881026885,0.0123882860735,0.791655404227,2.91917474994
96,0.994885753183,0.0123788930211,0.791641984667,2.92223257891
97,0.994890530904,0.0123687806475,0.791702917644,2.92317166499
98,0.99489549562,0.0123579722199,0.791759933744,2.92192591514
99,0.994896089329,0.0123537799809,0.791761023658,2.92284633645
